Determining if the pthread_create exist failed with the following output:
Change Dir: /home/taehwan/Desktop/programmings/dragon/blue-eyes-white-dragon/ros/build/rocket/CMakeFiles/CMakeTmp

Run Build Command:"/usr/bin/make" "cmTC_37da3/fast"
/usr/bin/make -f CMakeFiles/cmTC_37da3.dir/build.make CMakeFiles/cmTC_37da3.dir/build
make[1]: Entering directory '/home/taehwan/Desktop/programmings/dragon/blue-eyes-white-dragon/ros/build/rocket/CMakeFiles/CMakeTmp'
Building C object CMakeFiles/cmTC_37da3.dir/CheckSymbolExists.c.o
/usr/bin/cc    -o CMakeFiles/cmTC_37da3.dir/CheckSymbolExists.c.o   -c /home/taehwan/Desktop/programmings/dragon/blue-eyes-white-dragon/ros/build/rocket/CMakeFiles/CMakeTmp/CheckSymbolExists.c
Linking C executable cmTC_37da3
/usr/bin/cmake -E cmake_link_script CMakeFiles/cmTC_37da3.dir/link.txt --verbose=1
/usr/bin/cc      -rdynamic CMakeFiles/cmTC_37da3.dir/CheckSymbolExists.c.o  -o cmTC_37da3 
CMakeFiles/cmTC_37da3.dir/CheckSymbolExists.c.o: In function `main':
CheckSymbolExists.c:(.text+0x1b): undefined reference to `pthread_create'
collect2: error: ld returned 1 exit status
CMakeFiles/cmTC_37da3.dir/build.make:97: recipe for target 'cmTC_37da3' failed
make[1]: *** [cmTC_37da3] Error 1
make[1]: Leaving directory '/home/taehwan/Desktop/programmings/dragon/blue-eyes-white-dragon/ros/build/rocket/CMakeFiles/CMakeTmp'
Makefile:126: recipe for target 'cmTC_37da3/fast' failed
make: *** [cmTC_37da3/fast] Error 2

File /home/taehwan/Desktop/programmings/dragon/blue-eyes-white-dragon/ros/build/rocket/CMakeFiles/CMakeTmp/CheckSymbolExists.c:
/* */
#include <pthread.h>

int main(int argc, char** argv)
{
  (void)argv;
#ifndef pthread_create
  return ((int*)(&pthread_create))[argc];
#else
  (void)argc;
  return 0;
#endif
}

Determining if the function pthread_create exists in the pthreads failed with the following output:
Change Dir: /home/taehwan/Desktop/programmings/dragon/blue-eyes-white-dragon/ros/build/rocket/CMakeFiles/CMakeTmp

Run Build Command:"/usr/bin/make" "cmTC_78c74/fast"
/usr/bin/make -f CMakeFiles/cmTC_78c74.dir/build.make CMakeFiles/cmTC_78c74.dir/build
make[1]: Entering directory '/home/taehwan/Desktop/programmings/dragon/blue-eyes-white-dragon/ros/build/rocket/CMakeFiles/CMakeTmp'
Building C object CMakeFiles/cmTC_78c74.dir/CheckFunctionExists.c.o
/usr/bin/cc   -DCHECK_FUNCTION_EXISTS=pthread_create   -o CMakeFiles/cmTC_78c74.dir/CheckFunctionExists.c.o   -c /usr/share/cmake-3.10/Modules/CheckFunctionExists.c
Linking C executable cmTC_78c74
/usr/bin/cmake -E cmake_link_script CMakeFiles/cmTC_78c74.dir/link.txt --verbose=1
/usr/bin/cc  -DCHECK_FUNCTION_EXISTS=pthread_create    -rdynamic CMakeFiles/cmTC_78c74.dir/CheckFunctionExists.c.o  -o cmTC_78c74 -lpthreads 
/usr/bin/ld: cannot find -lpthreads
collect2: error: ld returned 1 exit status
CMakeFiles/cmTC_78c74.dir/build.make:97: recipe for target 'cmTC_78c74' failed
make[1]: *** [cmTC_78c74] Error 1
make[1]: Leaving directory '/home/taehwan/Desktop/programmings/dragon/blue-eyes-white-dragon/ros/build/rocket/CMakeFiles/CMakeTmp'
Makefile:126: recipe for target 'cmTC_78c74/fast' failed
make: *** [cmTC_78c74/fast] Error 2


