Determining if the pthread_create exist failed with the following output:
Change Dir: /home/taehwan/Desktop/programmings/dragon/blue-eyes-white-dragon/ros/build/catkin_tools_prebuild/CMakeFiles/CMakeTmp

Run Build Command:"/usr/bin/make" "cmTC_1d509/fast"
/usr/bin/make -f CMakeFiles/cmTC_1d509.dir/build.make CMakeFiles/cmTC_1d509.dir/build
make[1]: Entering directory '/home/taehwan/Desktop/programmings/dragon/blue-eyes-white-dragon/ros/build/catkin_tools_prebuild/CMakeFiles/CMakeTmp'
Building C object CMakeFiles/cmTC_1d509.dir/CheckSymbolExists.c.o
/usr/bin/cc    -o CMakeFiles/cmTC_1d509.dir/CheckSymbolExists.c.o   -c /home/taehwan/Desktop/programmings/dragon/blue-eyes-white-dragon/ros/build/catkin_tools_prebuild/CMakeFiles/CMakeTmp/CheckSymbolExists.c
Linking C executable cmTC_1d509
/usr/bin/cmake -E cmake_link_script CMakeFiles/cmTC_1d509.dir/link.txt --verbose=1
/usr/bin/cc      -rdynamic CMakeFiles/cmTC_1d509.dir/CheckSymbolExists.c.o  -o cmTC_1d509 
CMakeFiles/cmTC_1d509.dir/CheckSymbolExists.c.o: In function `main':
CheckSymbolExists.c:(.text+0x1b): undefined reference to `pthread_create'
collect2: error: ld returned 1 exit status
CMakeFiles/cmTC_1d509.dir/build.make:97: recipe for target 'cmTC_1d509' failed
make[1]: *** [cmTC_1d509] Error 1
make[1]: Leaving directory '/home/taehwan/Desktop/programmings/dragon/blue-eyes-white-dragon/ros/build/catkin_tools_prebuild/CMakeFiles/CMakeTmp'
Makefile:126: recipe for target 'cmTC_1d509/fast' failed
make: *** [cmTC_1d509/fast] Error 2

File /home/taehwan/Desktop/programmings/dragon/blue-eyes-white-dragon/ros/build/catkin_tools_prebuild/CMakeFiles/CMakeTmp/CheckSymbolExists.c:
/* */
#include <pthread.h>

int main(int argc, char** argv)
{
  (void)argv;
#ifndef pthread_create
  return ((int*)(&pthread_create))[argc];
#else
  (void)argc;
  return 0;
#endif
}

Determining if the function pthread_create exists in the pthreads failed with the following output:
Change Dir: /home/taehwan/Desktop/programmings/dragon/blue-eyes-white-dragon/ros/build/catkin_tools_prebuild/CMakeFiles/CMakeTmp

Run Build Command:"/usr/bin/make" "cmTC_63fba/fast"
/usr/bin/make -f CMakeFiles/cmTC_63fba.dir/build.make CMakeFiles/cmTC_63fba.dir/build
make[1]: Entering directory '/home/taehwan/Desktop/programmings/dragon/blue-eyes-white-dragon/ros/build/catkin_tools_prebuild/CMakeFiles/CMakeTmp'
Building C object CMakeFiles/cmTC_63fba.dir/CheckFunctionExists.c.o
/usr/bin/cc   -DCHECK_FUNCTION_EXISTS=pthread_create   -o CMakeFiles/cmTC_63fba.dir/CheckFunctionExists.c.o   -c /usr/share/cmake-3.10/Modules/CheckFunctionExists.c
Linking C executable cmTC_63fba
/usr/bin/cmake -E cmake_link_script CMakeFiles/cmTC_63fba.dir/link.txt --verbose=1
/usr/bin/cc  -DCHECK_FUNCTION_EXISTS=pthread_create    -rdynamic CMakeFiles/cmTC_63fba.dir/CheckFunctionExists.c.o  -o cmTC_63fba -lpthreads 
/usr/bin/ld: cannot find -lpthreads
collect2: error: ld returned 1 exit status
CMakeFiles/cmTC_63fba.dir/build.make:97: recipe for target 'cmTC_63fba' failed
make[1]: *** [cmTC_63fba] Error 1
make[1]: Leaving directory '/home/taehwan/Desktop/programmings/dragon/blue-eyes-white-dragon/ros/build/catkin_tools_prebuild/CMakeFiles/CMakeTmp'
Makefile:126: recipe for target 'cmTC_63fba/fast' failed
make: *** [cmTC_63fba/fast] Error 2


