[01m[K/home/zp/aae497/blue-eyes-white-dragon/ros/src/rocket/src/RocketPlugin/RocketPlugin.cc:[m[K In member function ‘[01m[Kvoid gazebo::RocketPlugin::Update(const gazebo::common::UpdateInfo&)[m[K’:
[01m[K/home/zp/aae497/blue-eyes-white-dragon/ros/src/rocket/src/RocketPlugin/RocketPlugin.cc:204:66:[m[K [01;31m[Kerror: [m[Kno matching function for call to ‘[01m[Kignition::math::v4::Vector3<double>::Vector3(double&)[m[K’
     this->body->AddRelativeForce(ignition::math::Vector3d(FA_b[0][01;31m[K)[m[K, FA_b[1],FA_b[2]));
                                                                  [01;31m[K^[m[K
In file included from [01m[K/usr/include/ignition/math4/ignition/math/Box.hh:23:0[m[K,
                 from [01m[K/usr/include/ignition/math4/ignition/math.hh:24[m[K,
                 from [01m[K/usr/include/sdformat-6.2/sdf/Param.hh:41[m[K,
                 from [01m[K/usr/include/sdformat-6.2/sdf/Element.hh:25[m[K,
                 from [01m[K/usr/include/sdformat-6.2/sdf/sdf.hh:4[m[K,
                 from [01m[K/home/zp/aae497/blue-eyes-white-dragon/ros/src/rocket/src/RocketPlugin/RocketPlugin.cc:20[m[K:
[01m[K/usr/include/ignition/math4/ignition/math/Vector3.hh:77:15:[m[K [01;36m[Knote: [m[Kcandidate: ignition::math::v4::Vector3<T>::Vector3(const ignition::math::v4::Vector3<T>&) [with T = double]
       public: [01;36m[KVector3[m[K(const Vector3<T> &_v)
               [01;36m[K^~~~~~~[m[K
[01m[K/usr/include/ignition/math4/ignition/math/Vector3.hh:77:15:[m[K [01;36m[Knote: [m[K  no known conversion for argument 1 from ‘[01m[Kdouble[m[K’ to ‘[01m[Kconst ignition::math::v4::Vector3<double>&[m[K’
[01m[K/usr/include/ignition/math4/ignition/math/Vector3.hh:68:15:[m[K [01;36m[Knote: [m[Kcandidate: ignition::math::v4::Vector3<T>::Vector3(const T&, const T&, const T&) [with T = double]
       public: [01;36m[KVector3[m[K(const T &_x, const T &_y, const T &_z)
               [01;36m[K^~~~~~~[m[K
[01m[K/usr/include/ignition/math4/ignition/math/Vector3.hh:68:15:[m[K [01;36m[Knote: [m[K  candidate expects 3 arguments, 1 provided
[01m[K/usr/include/ignition/math4/ignition/math/Vector3.hh:57:15:[m[K [01;36m[Knote: [m[Kcandidate: ignition::math::v4::Vector3<T>::Vector3() [with T = double]
       public: [01;36m[KVector3[m[K()
               [01;36m[K^~~~~~~[m[K
[01m[K/usr/include/ignition/math4/ignition/math/Vector3.hh:57:15:[m[K [01;36m[Knote: [m[K  candidate expects 0 arguments, 1 provided
make[2]: *** [CMakeFiles/RocketPlugin.dir/src/RocketPlugin/RocketPlugin.cc.o] Error 1
make[1]: *** [CMakeFiles/RocketPlugin.dir/all] Error 2
make: *** [all] Error 2
