[01m[K/home/zp/aae497/blue-eyes-white-dragon/ros/src/rocket/src/RocketPlugin/RocketPlugin.cc:[m[K In member function ‘[01m[Kvoid gazebo::RocketPlugin::Update(const gazebo::common::UpdateInfo&)[m[K’:
[01m[K/home/zp/aae497/blue-eyes-white-dragon/ros/src/rocket/src/RocketPlugin/RocketPlugin.cc:172:27:[m[K [01;31m[Kerror: [m[Kno match for ‘[01m[Koperator[][m[K’ (operand types are ‘[01m[Kignition::math::v4::Quaternion<double>[m[K’ and ‘[01m[Kint[m[K’)
     double q[4] = {rot_ine[01;31m[K[[m[K0], rot_ine[1], rot_ine[2], rot_ine[3]};
                           [01;31m[K^[m[K
[01m[K/home/zp/aae497/blue-eyes-white-dragon/ros/src/rocket/src/RocketPlugin/RocketPlugin.cc:172:39:[m[K [01;31m[Kerror: [m[Kno match for ‘[01m[Koperator[][m[K’ (operand types are ‘[01m[Kignition::math::v4::Quaternion<double>[m[K’ and ‘[01m[Kint[m[K’)
     double q[4] = {rot_ine[0], rot_ine[01;31m[K[[m[K1], rot_ine[2], rot_ine[3]};
                                       [01;31m[K^[m[K
[01m[K/home/zp/aae497/blue-eyes-white-dragon/ros/src/rocket/src/RocketPlugin/RocketPlugin.cc:172:51:[m[K [01;31m[Kerror: [m[Kno match for ‘[01m[Koperator[][m[K’ (operand types are ‘[01m[Kignition::math::v4::Quaternion<double>[m[K’ and ‘[01m[Kint[m[K’)
     double q[4] = {rot_ine[0], rot_ine[1], rot_ine[01;31m[K[[m[K2], rot_ine[3]};
                                                   [01;31m[K^[m[K
[01m[K/home/zp/aae497/blue-eyes-white-dragon/ros/src/rocket/src/RocketPlugin/RocketPlugin.cc:172:63:[m[K [01;31m[Kerror: [m[Kno match for ‘[01m[Koperator[][m[K’ (operand types are ‘[01m[Kignition::math::v4::Quaternion<double>[m[K’ and ‘[01m[Kint[m[K’)
     double q[4] = {rot_ine[0], rot_ine[1], rot_ine[2], rot_ine[01;31m[K[[m[K3]};
                                                               [01;31m[K^[m[K
[01m[K/home/zp/aae497/blue-eyes-white-dragon/ros/src/rocket/src/RocketPlugin/RocketPlugin.cc:177:5:[m[K [01;31m[Kerror: [m[Kexpected ‘[01m[K;[m[K’ before ‘[01m[K_tf_linvel[m[K’
     [01;31m[K_tf_linvel[m[K.arg(0,v_ine);
     [01;31m[K^~~~~~~~~~[m[K
[01m[K/home/zp/aae497/blue-eyes-white-dragon/ros/src/rocket/src/RocketPlugin/RocketPlugin.cc:187:52:[m[K [01;31m[Kerror: [m[Kcannot convert ‘[01m[Kdouble*[m[K’ to ‘[01m[Kdouble[m[K’ in initialization
     double x[13] = {omg_b, r_nb, v_b, pos_n, m_fuel[01;31m[K}[m[K;
                                                    [01;31m[K^[m[K
[01m[K/home/zp/aae497/blue-eyes-white-dragon/ros/src/rocket/src/RocketPlugin/RocketPlugin.cc:187:52:[m[K [01;31m[Kerror: [m[Kcannot convert ‘[01m[Kdouble*[m[K’ to ‘[01m[Kdouble[m[K’ in initialization
[01m[K/home/zp/aae497/blue-eyes-white-dragon/ros/src/rocket/src/RocketPlugin/RocketPlugin.cc:187:52:[m[K [01;31m[Kerror: [m[Kcannot convert ‘[01m[Kdouble*[m[K’ to ‘[01m[Kdouble[m[K’ in initialization
[01m[K/home/zp/aae497/blue-eyes-white-dragon/ros/src/rocket/src/RocketPlugin/RocketPlugin.cc:187:52:[m[K [01;31m[Kerror: [m[Kcannot convert ‘[01m[Kdouble*[m[K’ to ‘[01m[Kdouble[m[K’ in initialization
make[2]: *** [CMakeFiles/RocketPlugin.dir/src/RocketPlugin/RocketPlugin.cc.o] Error 1
make[1]: *** [CMakeFiles/RocketPlugin.dir/all] Error 2
make: *** [all] Error 2
