Linked: (/home/taehwan/Desktop/programmings/dragon/blue-eyes-white-dragon/ros/devel/.private/rocket/lib/libRocketPlugin.so, /home/taehwan/Desktop/programmings/dragon/blue-eyes-white-dragon/ros/devel/lib/libRocketPlugin.so)
Linked: (/home/taehwan/Desktop/programmings/dragon/blue-eyes-white-dragon/ros/devel/.private/rocket/lib/librocket_msgs.so, /home/taehwan/Desktop/programmings/dragon/blue-eyes-white-dragon/ros/devel/lib/librocket_msgs.so)
Linked: (/home/taehwan/Desktop/programmings/dragon/blue-eyes-white-dragon/ros/devel/.private/rocket/lib/pkgconfig/rocket.pc, /home/taehwan/Desktop/programmings/dragon/blue-eyes-white-dragon/ros/devel/lib/pkgconfig/rocket.pc)
Linked: (/home/taehwan/Desktop/programmings/dragon/blue-eyes-white-dragon/ros/devel/.private/rocket/share/rocket/cmake/rocketConfig.cmake, /home/taehwan/Desktop/programmings/dragon/blue-eyes-white-dragon/ros/devel/share/rocket/cmake/rocketConfig.cmake)
Linked: (/home/taehwan/Desktop/programmings/dragon/blue-eyes-white-dragon/ros/devel/.private/rocket/share/rocket/cmake/rocketConfig-version.cmake, /home/taehwan/Desktop/programmings/dragon/blue-eyes-white-dragon/ros/devel/share/rocket/cmake/rocketConfig-version.cmake)
Cleaning: (/home/kestrel1311/git/blue-eyes-white-dragon/ros/devel/.private/rocket/cmake.lock, /home/kestrel1311/git/blue-eyes-white-dragon/ros/devel/./cmake.lock)
Cleaning: (/home/kestrel1311/git/blue-eyes-white-dragon/ros/devel/.private/rocket/lib/libRocketPlugin.so, /home/kestrel1311/git/blue-eyes-white-dragon/ros/devel/lib/libRocketPlugin.so)
Cleaning: (/home/kestrel1311/git/blue-eyes-white-dragon/ros/devel/.private/rocket/lib/librocket_msgs.so, /home/kestrel1311/git/blue-eyes-white-dragon/ros/devel/lib/librocket_msgs.so)
Cleaning: (/home/kestrel1311/git/blue-eyes-white-dragon/ros/devel/.private/rocket/lib/pkgconfig/rocket.pc, /home/kestrel1311/git/blue-eyes-white-dragon/ros/devel/lib/pkgconfig/rocket.pc)
Cleaning: (/home/kestrel1311/git/blue-eyes-white-dragon/ros/devel/.private/rocket/share/rocket/cmake/rocketConfig.cmake, /home/kestrel1311/git/blue-eyes-white-dragon/ros/devel/share/rocket/cmake/rocketConfig.cmake)
Cleaning: (/home/kestrel1311/git/blue-eyes-white-dragon/ros/devel/.private/rocket/share/rocket/cmake/rocketConfig-version.cmake, /home/kestrel1311/git/blue-eyes-white-dragon/ros/devel/share/rocket/cmake/rocketConfig-version.cmake)
Unlinking: /home/kestrel1311/git/blue-eyes-white-dragon/ros/devel/lib/libRocketPlugin.so
Already unlinked: {}
Unlinking: /home/kestrel1311/git/blue-eyes-white-dragon/ros/devel/lib/librocket_msgs.so
Already unlinked: {}
Unlinking: /home/kestrel1311/git/blue-eyes-white-dragon/ros/devel/lib/pkgconfig/rocket.pc
Already unlinked: {}
Unlinking: /home/kestrel1311/git/blue-eyes-white-dragon/ros/devel/share/rocket/cmake/rocketConfig.cmake
Already unlinked: {}
Unlinking: /home/kestrel1311/git/blue-eyes-white-dragon/ros/devel/share/rocket/cmake/rocketConfig-version.cmake
Already unlinked: {}
