[01m[K/home/zp/aae497/blue-eyes-white-dragon/ros/src/rocket/src/RocketPlugin/RocketPlugin.cc:[m[K In member function ‘[01m[Kvoid gazebo::RocketPlugin::Update(const gazebo::common::UpdateInfo&)[m[K’:
[01m[K/home/zp/aae497/blue-eyes-white-dragon/ros/src/rocket/src/RocketPlugin/RocketPlugin.cc:164:28:[m[K [01;31m[Kerror: [m[Kno matching function for call to ‘[01m[KCasadiFunc::arg(int, ignition::math::v4::Quaternion<double>&)[m[K’
     _quat2dcm.arg(0,rot_ine[01;31m[K)[m[K;
                            [01;31m[K^[m[K
In file included from [01m[K/home/zp/aae497/blue-eyes-white-dragon/ros/src/rocket/src/RocketPlugin/RocketPlugin.hh:33:0[m[K,
                 from [01m[K/home/zp/aae497/blue-eyes-white-dragon/ros/src/rocket/src/RocketPlugin/RocketPlugin.cc:26[m[K:
[01m[K/home/zp/aae497/blue-eyes-white-dragon/ros/src/rocket/src/casadi/CasadiFunc.hpp:21:7:[m[K [01;36m[Knote: [m[Kcandidate: void CasadiFunc::arg(int, const double*)
  void [01;36m[Karg[m[K(int i, const casadi_real *v)
       [01;36m[K^~~[m[K
[01m[K/home/zp/aae497/blue-eyes-white-dragon/ros/src/rocket/src/casadi/CasadiFunc.hpp:21:7:[m[K [01;36m[Knote: [m[K  no known conversion for argument 2 from ‘[01m[Kignition::math::v4::Quaternion<double>[m[K’ to ‘[01m[Kconst double*[m[K’
[01m[K/home/zp/aae497/blue-eyes-white-dragon/ros/src/rocket/src/RocketPlugin/RocketPlugin.cc:166:24:[m[K [01;31m[Kerror: [m[Kno matching function for call to ‘[01m[KCasadiFunc::res(int, ignition::math::v4::Matrix3d (&)())[m[K’
     _quat2dcm.res(0,dcm[01;31m[K)[m[K;
                        [01;31m[K^[m[K
In file included from [01m[K/home/zp/aae497/blue-eyes-white-dragon/ros/src/rocket/src/RocketPlugin/RocketPlugin.hh:33:0[m[K,
                 from [01m[K/home/zp/aae497/blue-eyes-white-dragon/ros/src/rocket/src/RocketPlugin/RocketPlugin.cc:26[m[K:
[01m[K/home/zp/aae497/blue-eyes-white-dragon/ros/src/rocket/src/casadi/CasadiFunc.hpp:17:7:[m[K [01;36m[Knote: [m[Kcandidate: void CasadiFunc::res(int, double*)
  void [01;36m[Kres[m[K(int i, casadi_real *v)
       [01;36m[K^~~[m[K
[01m[K/home/zp/aae497/blue-eyes-white-dragon/ros/src/rocket/src/casadi/CasadiFunc.hpp:17:7:[m[K [01;36m[Knote: [m[K  no known conversion for argument 2 from ‘[01m[Kignition::math::v4::Matrix3d() {aka ignition::math::v4::Matrix3<double>()}[m[K’ to ‘[01m[Kdouble*[m[K’
make[2]: *** [CMakeFiles/RocketPlugin.dir/src/RocketPlugin/RocketPlugin.cc.o] Error 1
make[1]: *** [CMakeFiles/RocketPlugin.dir/all] Error 2
make: *** [all] Error 2
